This file contains any messages produced by compilers while
running configure, to aid debugging if configure makes a mistake.

It was created by configure, which was
generated by GNU Autoconf 2.59.  Invocation command line was

  $ ./configure 

## --------- ##
## Platform. ##
## --------- ##

hostname = RexLinux
uname -m = i686
uname -r = 2.6.26.8-57.fc8
uname -s = Linux
uname -v = #1 SMP Thu Dec 18 19:19:45 EST 2008

/usr/bin/uname -p = unknown
/bin/uname -X     = unknown

/bin/arch              = i686
/usr/bin/arch -k       = unknown
/usr/convex/getsysinfo = unknown
hostinfo               = unknown
/bin/machine           = unknown
/usr/bin/oslevel       = unknown
/bin/universe          = unknown

PATH: /usr/kerberos/sbin
PATH: /usr/kerberos/bin
PATH: /usr/lib/ccache
PATH: /usr/local/sbin
PATH: /usr/local/bin
PATH: /sbin
PATH: /bin
PATH: /usr/sbin
PATH: /usr/bin
PATH: /usr/X11R6/bin
PATH: /root/bin


## ----------- ##
## Core tests. ##
## ----------- ##

configure:1344: checking build system type
configure:1362: result: i686-pc-linux-gnu
configure:1370: checking host system type
configure:1384: result: i686-pc-linux-gnu
configure:1439: checking for gcc
configure:1455: found /usr/lib/ccache/gcc
configure:1465: result: gcc
configure:1709: checking for C compiler version
configure:1712: gcc --version </dev/null >&5
gcc (GCC) 4.1.2 20070925 (Red Hat 4.1.2-33)
Copyright (C) 2006 Free Software Foundation, Inc.
This is free software; see the source for copying conditions.  There is NO
warranty; not even for MERCHANTABILITY or FITNESS FOR A PARTICULAR PURPOSE.

configure:1715: $? = 0
configure:1717: gcc -v </dev/null >&5
Using built-in specs.
Target: i386-redhat-linux
Configured with: ../configure --prefix=/usr --mandir=/usr/share/man --infodir=/usr/share/info --enable-shared --enable-threads=posix --enable-checking=release --with-system-zlib --enable-__cxa_atexit --disable-libunwind-exceptions --enable-languages=c,c++,objc,obj-c++,java,fortran,ada --enable-java-awt=gtk --disable-dssi --enable-plugin --with-java-home=/usr/lib/jvm/java-1.5.0-gcj-1.5.0.0/jre --enable-libgcj-multifile --enable-java-maintainer-mode --with-ecj-jar=/usr/share/java/eclipse-ecj.jar --with-cpu=generic --host=i386-redhat-linux
Thread model: posix
gcc version 4.1.2 20070925 (Red Hat 4.1.2-33)
configure:1720: $? = 0
configure:1722: gcc -V </dev/null >&5
gcc: '-V' option must have argument
configure:1725: $? = 1
configure:1748: checking for C compiler default output file name
configure:1751: gcc    conftest.c  >&5
configure:1754: $? = 0
configure:1800: result: a.out
configure:1805: checking whether the C compiler works
configure:1811: ./a.out
configure:1814: $? = 0
configure:1831: result: yes
configure:1838: checking whether we are cross compiling
configure:1840: result: no
configure:1843: checking for suffix of executables
configure:1845: gcc -o conftest    conftest.c  >&5
configure:1848: $? = 0
configure:1873: result: 
configure:1879: checking for suffix of object files
configure:1900: gcc -c   conftest.c >&5
configure:1903: $? = 0
configure:1925: result: o
configure:1929: checking whether we are using the GNU C compiler
configure:1953: gcc -c   conftest.c >&5
configure:1959: $? = 0
configure:1962: test -z 			 || test ! -s conftest.err
configure:1965: $? = 0
configure:1968: test -s conftest.o
configure:1971: $? = 0
configure:1984: result: yes
configure:1990: checking whether gcc accepts -g
configure:2011: gcc -c -g  conftest.c >&5
configure:2017: $? = 0
configure:2020: test -z 			 || test ! -s conftest.err
configure:2023: $? = 0
configure:2026: test -s conftest.o
configure:2029: $? = 0
configure:2040: result: yes
configure:2057: checking for gcc option to accept ANSI C
configure:2127: gcc  -c -g -O2  conftest.c >&5
configure:2133: $? = 0
configure:2136: test -z 			 || test ! -s conftest.err
configure:2139: $? = 0
configure:2142: test -s conftest.o
configure:2145: $? = 0
configure:2163: result: none needed
configure:2181: gcc -c -g -O2  conftest.c >&5
conftest.c:2: error: expected '=', ',', ';', 'asm' or '__attribute__' before 'me'
configure:2187: $? = 1
configure: failed program was:
| #ifndef __cplusplus
|   choke me
| #endif
configure:2322: checking how to run the C preprocessor
configure:2357: gcc -E  conftest.c
configure:2363: $? = 0
configure:2395: gcc -E  conftest.c
conftest.c:9:28: error: ac_nonexistent.h: No such file or directory
configure:2401: $? = 1
configure: failed program was:
| /* confdefs.h.  */
| 
| #define PACKAGE_NAME ""
| #define PACKAGE_TARNAME ""
| #define PACKAGE_VERSION ""
| #define PACKAGE_STRING ""
| #define PACKAGE_BUGREPORT ""
| /* end confdefs.h.  */
| #include <ac_nonexistent.h>
configure:2440: result: gcc -E
configure:2464: gcc -E  conftest.c
configure:2470: $? = 0
configure:2502: gcc -E  conftest.c
conftest.c:9:28: error: ac_nonexistent.h: No such file or directory
configure:2508: $? = 1
configure: failed program was:
| /* confdefs.h.  */
| 
| #define PACKAGE_NAME ""
| #define PACKAGE_TARNAME ""
| #define PACKAGE_VERSION ""
| #define PACKAGE_STRING ""
| #define PACKAGE_BUGREPORT ""
| /* end confdefs.h.  */
| #include <ac_nonexistent.h>
configure:2552: checking whether gcc recognizes __func__
configure:2576: gcc -c -g -O2  conftest.c >&5
conftest.c: In function 'main':
conftest.c:14: warning: initialization discards qualifiers from pointer target type
configure:2582: $? = 0
configure:2585: test -z 			 || test ! -s conftest.err
configure:2588: $? = 0
configure:2591: test -s conftest.o
configure:2594: $? = 0
configure:2609: result: yes
configure:2613: checking for GNU make
configure:2631: result: make
configure:2653: checking for library containing socket
configure:2683: gcc -o conftest -g -O2   conftest.c  >&5
configure:2689: $? = 0
configure:2692: test -z 			 || test ! -s conftest.err
configure:2695: $? = 0
configure:2698: test -s conftest
configure:2701: $? = 0
configure:2770: result: none required
configure:2777: checking for library containing inet_aton
configure:2807: gcc -o conftest -g -O2   conftest.c  >&5
configure:2813: $? = 0
configure:2816: test -z 			 || test ! -s conftest.err
configure:2819: $? = 0
configure:2822: test -s conftest
configure:2825: $? = 0
configure:2894: result: none required
configure:2901: checking for library containing gethostname
configure:2931: gcc -o conftest -g -O2   conftest.c  >&5
configure:2937: $? = 0
configure:2940: test -z 			 || test ! -s conftest.err
configure:2943: $? = 0
configure:2946: test -s conftest
configure:2949: $? = 0
configure:3018: result: none required
configure:3025: checking for library containing gethostbyname
configure:3055: gcc -o conftest -g -O2   conftest.c  >&5
configure:3061: $? = 0
configure:3064: test -z 			 || test ! -s conftest.err
configure:3067: $? = 0
configure:3070: test -s conftest
configure:3073: $? = 0
configure:3142: result: none required
configure:3158: checking for dirent.h that defines DIR
configure:3182: gcc -c -g -O2  conftest.c >&5
configure:3188: $? = 0
configure:3191: test -z 			 || test ! -s conftest.err
configure:3194: $? = 0
configure:3197: test -s conftest.o
configure:3200: $? = 0
configure:3211: result: yes
configure:3224: checking for library containing opendir
configure:3254: gcc -o conftest -g -O2   conftest.c  >&5
configure:3260: $? = 0
configure:3263: test -z 			 || test ! -s conftest.err
configure:3266: $? = 0
configure:3269: test -s conftest
configure:3272: $? = 0
configure:3341: result: none required
configure:3476: checking for egrep
configure:3486: result: grep -E
configure:3491: checking for ANSI C header files
configure:3516: gcc -c -g -O2  conftest.c >&5
configure:3522: $? = 0
configure:3525: test -z 			 || test ! -s conftest.err
configure:3528: $? = 0
configure:3531: test -s conftest.o
configure:3534: $? = 0
configure:3623: gcc -o conftest -g -O2   conftest.c  >&5
conftest.c: In function 'main':
conftest.c:28: warning: incompatible implicit declaration of built-in function 'exit'
configure:3626: $? = 0
configure:3628: ./conftest
configure:3631: $? = 0
configure:3646: result: yes
configure:3656: checking for sys/wait.h that is POSIX.1 compatible
configure:3687: gcc -c -g -O2  conftest.c >&5
configure:3693: $? = 0
configure:3696: test -z 			 || test ! -s conftest.err
configure:3699: $? = 0
configure:3702: test -s conftest.o
configure:3705: $? = 0
configure:3716: result: yes
configure:3740: checking for sys/types.h
configure:3756: gcc -c -g -O2  conftest.c >&5
configure:3762: $? = 0
configure:3765: test -z 			 || test ! -s conftest.err
configure:3768: $? = 0
configure:3771: test -s conftest.o
configure:3774: $? = 0
configure:3785: result: yes
configure:3740: checking for sys/stat.h
configure:3756: gcc -c -g -O2  conftest.c >&5
configure:3762: $? = 0
configure:3765: test -z 			 || test ! -s conftest.err
configure:3768: $? = 0
configure:3771: test -s conftest.o
configure:3774: $? = 0
configure:3785: result: yes
configure:3740: checking for stdlib.h
configure:3756: gcc -c -g -O2  conftest.c >&5
configure:3762: $? = 0
configure:3765: test -z 			 || test ! -s conftest.err
configure:3768: $? = 0
configure:3771: test -s conftest.o
configure:3774: $? = 0
configure:3785: result: yes
configure:3740: checking for string.h
configure:3756: gcc -c -g -O2  conftest.c >&5
configure:3762: $? = 0
configure:3765: test -z 			 || test ! -s conftest.err
configure:3768: $? = 0
configure:3771: test -s conftest.o
configure:3774: $? = 0
configure:3785: result: yes
configure:3740: checking for memory.h
configure:3756: gcc -c -g -O2  conftest.c >&5
configure:3762: $? = 0
configure:3765: test -z 			 || test ! -s conftest.err
configure:3768: $? = 0
configure:3771: test -s conftest.o
configure:3774: $? = 0
configure:3785: result: yes
configure:3740: checking for strings.h
configure:3756: gcc -c -g -O2  conftest.c >&5
configure:3762: $? = 0
configure:3765: test -z 			 || test ! -s conftest.err
configure:3768: $? = 0
configure:3771: test -s conftest.o
configure:3774: $? = 0
configure:3785: result: yes
configure:3740: checking for inttypes.h
configure:3756: gcc -c -g -O2  conftest.c >&5
configure:3762: $? = 0
configure:3765: test -z 			 || test ! -s conftest.err
configure:3768: $? = 0
configure:3771: test -s conftest.o
configure:3774: $? = 0
configure:3785: result: yes
configure:3740: checking for stdint.h
configure:3756: gcc -c -g -O2  conftest.c >&5
configure:3762: $? = 0
configure:3765: test -z 			 || test ! -s conftest.err
configure:3768: $? = 0
configure:3771: test -s conftest.o
configure:3774: $? = 0
configure:3785: result: yes
configure:3740: checking for unistd.h
configure:3756: gcc -c -g -O2  conftest.c >&5
configure:3762: $? = 0
configure:3765: test -z 			 || test ! -s conftest.err
configure:3768: $? = 0
configure:3771: test -s conftest.o
configure:3774: $? = 0
configure:3785: result: yes
configure:3814: checking fcntl.h usability
configure:3826: gcc -c -g -O2  conftest.c >&5
configure:3832: $? = 0
configure:3835: test -z 			 || test ! -s conftest.err
configure:3838: $? = 0
configure:3841: test -s conftest.o
configure:3844: $? = 0
configure:3854: result: yes
configure:3858: checking fcntl.h presence
configure:3868: gcc -E  conftest.c
configure:3874: $? = 0
configure:3894: result: yes
configure:3929: checking for fcntl.h
configure:3936: result: yes
configure:3814: checking sys/fcntl.h usability
configure:3826: gcc -c -g -O2  conftest.c >&5
configure:3832: $? = 0
configure:3835: test -z 			 || test ! -s conftest.err
configure:3838: $? = 0
configure:3841: test -s conftest.o
configure:3844: $? = 0
configure:3854: result: yes
configure:3858: checking sys/fcntl.h presence
configure:3868: gcc -E  conftest.c
configure:3874: $? = 0
configure:3894: result: yes
configure:3929: checking for sys/fcntl.h
configure:3936: result: yes
configure:3814: checking limits.h usability
configure:3826: gcc -c -g -O2  conftest.c >&5
configure:3832: $? = 0
configure:3835: test -z 			 || test ! -s conftest.err
configure:3838: $? = 0
configure:3841: test -s conftest.o
configure:3844: $? = 0
configure:3854: result: yes
configure:3858: checking limits.h presence
configure:3868: gcc -E  conftest.c
configure:3874: $? = 0
configure:3894: result: yes
configure:3929: checking for limits.h
configure:3936: result: yes
configure:3814: checking sys/time.h usability
configure:3826: gcc -c -g -O2  conftest.c >&5
configure:3832: $? = 0
configure:3835: test -z 			 || test ! -s conftest.err
configure:3838: $? = 0
configure:3841: test -s conftest.o
configure:3844: $? = 0
configure:3854: result: yes
configure:3858: checking sys/time.h presence
configure:3868: gcc -E  conftest.c
configure:3874: $? = 0
configure:3894: result: yes
configure:3929: checking for sys/time.h
configure:3936: result: yes
configure:3964: checking getopt.h usability
configure:3976: gcc -c -g -O2  conftest.c >&5
configure:3982: $? = 0
configure:3985: test -z 			 || test ! -s conftest.err
configure:3988: $? = 0
configure:3991: test -s conftest.o
configure:3994: $? = 0
configure:4004: result: yes
configure:4008: checking getopt.h presence
configure:4018: gcc -E  conftest.c
configure:4024: $? = 0
configure:4044: result: yes
configure:4079: checking for getopt.h
configure:4086: result: yes
configure:3955: checking for unistd.h
configure:3960: result: yes
configure:4100: checking for an ANSI C-conforming const
configure:4167: gcc -c -g -O2  conftest.c >&5
configure:4173: $? = 0
configure:4176: test -z 			 || test ! -s conftest.err
configure:4179: $? = 0
configure:4182: test -s conftest.o
configure:4185: $? = 0
configure:4196: result: yes
configure:4206: checking for uid_t in sys/types.h
configure:4229: result: yes
configure:4244: checking for off_t
configure:4268: gcc -c -g -O2  conftest.c >&5
configure:4274: $? = 0
configure:4277: test -z 			 || test ! -s conftest.err
configure:4280: $? = 0
configure:4283: test -s conftest.o
configure:4286: $? = 0
configure:4297: result: yes
configure:4309: checking for pid_t
configure:4333: gcc -c -g -O2  conftest.c >&5
configure:4339: $? = 0
configure:4342: test -z 			 || test ! -s conftest.err
configure:4345: $? = 0
configure:4348: test -s conftest.o
configure:4351: $? = 0
configure:4362: result: yes
configure:4374: checking for size_t
configure:4398: gcc -c -g -O2  conftest.c >&5
configure:4404: $? = 0
configure:4407: test -z 			 || test ! -s conftest.err
configure:4410: $? = 0
configure:4413: test -s conftest.o
configure:4416: $? = 0
configure:4427: result: yes
configure:4439: checking whether time.h and sys/time.h may both be included
configure:4464: gcc -c -g -O2  conftest.c >&5
configure:4470: $? = 0
configure:4473: test -z 			 || test ! -s conftest.err
configure:4476: $? = 0
configure:4479: test -s conftest.o
configure:4482: $? = 0
configure:4493: result: yes
configure:4503: checking whether struct tm is in sys/time.h or time.h
configure:4526: gcc -c -g -O2  conftest.c >&5
configure:4532: $? = 0
configure:4535: test -z 			 || test ! -s conftest.err
configure:4538: $? = 0
configure:4541: test -s conftest.o
configure:4544: $? = 0
configure:4555: result: time.h
configure:4565: checking whether sa_family_t is defined
configure:4586: gcc -c -g -O2  conftest.c >&5
configure:4592: $? = 0
configure:4595: test -z 			 || test ! -s conftest.err
configure:4598: $? = 0
configure:4601: test -s conftest.o
configure:4604: $? = 0
configure:4606: result: yes
configure:4625: checking for working POSIX fnmatch
configure:4663: gcc -o conftest -g -O2   conftest.c  >&5
conftest.c: In function 'main':
conftest.c:37: warning: incompatible implicit declaration of built-in function 'exit'
configure:4666: $? = 0
configure:4668: ./conftest
configure:4671: $? = 0
configure:4685: result: yes
configure:4697: checking for working memcmp
configure:4745: gcc -o conftest -g -O2   conftest.c  >&5
configure:4748: $? = 0
configure:4750: ./conftest
configure:4753: $? = 0
configure:4767: result: yes
configure:4784: checking for stdlib.h
configure:4789: result: yes
configure:4784: checking for unistd.h
configure:4789: result: yes
configure:4932: checking for getpagesize
configure:4989: gcc -o conftest -g -O2   conftest.c  >&5
configure:4995: $? = 0
configure:4998: test -z 			 || test ! -s conftest.err
configure:5001: $? = 0
configure:5004: test -s conftest
configure:5007: $? = 0
configure:5019: result: yes
configure:5029: checking for working mmap
configure:5171: gcc -o conftest -g -O2   conftest.c  >&5
configure:5174: $? = 0
configure:5176: ./conftest
configure:5179: $? = 0
configure:5193: result: yes
configure:5204: checking for function prototypes
configure:5207: result: yes
configure:5224: checking whether setvbuf arguments are reversed
configure:5249: gcc -o conftest -g -O2   conftest.c  >&5
conftest.c:38: error: conflicting types for 'setvbuf'
/usr/include/stdio.h:314: error: previous declaration of 'setvbuf' was here
configure:5255: $? = 1
configure: failed program was:
| /* confdefs.h.  */
| 
| #define PACKAGE_NAME ""
| #define PACKAGE_TARNAME ""
| #define PACKAGE_VERSION ""
| #define PACKAGE_STRING ""
| #define PACKAGE_BUGREPORT ""
| #define HAVE_FUNC
| #define HAVE_DIRENT_H 1
| #define STDC_HEADERS 1
| #define HAVE_SYS_WAIT_H 1
| #define HAVE_SYS_TYPES_H 1
| #define HAVE_SYS_STAT_H 1
| #define HAVE_STDLIB_H 1
| #define HAVE_STRING_H 1
| #define HAVE_MEMORY_H 1
| #define HAVE_STRINGS_H 1
| #define HAVE_INTTYPES_H 1
| #define HAVE_STDINT_H 1
| #define HAVE_UNISTD_H 1
| #define HAVE_FCNTL_H 1
| #define HAVE_SYS_FCNTL_H 1
| #define HAVE_LIMITS_H 1
| #define HAVE_SYS_TIME_H 1
| #define HAVE_GETOPT_H 1
| #define HAVE_UNISTD_H 1
| #define TIME_WITH_SYS_TIME 1
| #define HAVE_FNMATCH 1
| #define HAVE_STDLIB_H 1
| #define HAVE_UNISTD_H 1
| #define HAVE_GETPAGESIZE 1
| #define HAVE_MMAP 1
| #define PROTOTYPES 1
| #define __PROTOTYPES 1
| /* end confdefs.h.  */
| #include <stdio.h>
| #	  if PROTOTYPES
| 	   int (setvbuf) (FILE *, int, char *, size_t);
| #	  endif
| int
| main ()
| {
| char buf; return setvbuf (stdout, _IOLBF, &buf, 1);
|   ;
|   return 0;
| }
configure:5374: result: no
configure:5392: checking for getcwd
configure:5449: gcc -o conftest -g -O2   conftest.c  >&5
configure:5455: $? = 0
configure:5458: test -z 			 || test ! -s conftest.err
configure:5461: $? = 0
configure:5464: test -s conftest
configure:5467: $? = 0
configure:5479: result: yes
configure:5392: checking for strdup
configure:5449: gcc -o conftest -g -O2   conftest.c  >&5
conftest.c:61: warning: conflicting types for built-in function 'strdup'
configure:5455: $? = 0
configure:5458: test -z 			 || test ! -s conftest.err
configure:5461: $? = 0
configure:5464: test -s conftest
configure:5467: $? = 0
configure:5479: result: yes
configure:5392: checking for strstr
configure:5449: gcc -o conftest -g -O2   conftest.c  >&5
conftest.c:62: warning: conflicting types for built-in function 'strstr'
configure:5455: $? = 0
configure:5458: test -z 			 || test ! -s conftest.err
configure:5461: $? = 0
configure:5464: test -s conftest
configure:5467: $? = 0
configure:5479: result: yes
configure:5392: checking for strcspn
configure:5449: gcc -o conftest -g -O2   conftest.c  >&5
conftest.c:63: warning: conflicting types for built-in function 'strcspn'
configure:5455: $? = 0
configure:5458: test -z 			 || test ! -s conftest.err
configure:5461: $? = 0
configure:5464: test -s conftest
configure:5467: $? = 0
configure:5479: result: yes
configure:5392: checking for strtol
configure:5449: gcc -o conftest -g -O2   conftest.c  >&5
configure:5455: $? = 0
configure:5458: test -z 			 || test ! -s conftest.err
configure:5461: $? = 0
configure:5464: test -s conftest
configure:5467: $? = 0
configure:5479: result: yes
configure:5498: checking for gethostname
configure:5555: gcc -o conftest -g -O2   conftest.c  >&5
configure:5561: $? = 0
configure:5564: test -z 			 || test ! -s conftest.err
configure:5567: $? = 0
configure:5570: test -s conftest
configure:5573: $? = 0
configure:5585: result: yes
configure:5498: checking for gethostbyname
configure:5555: gcc -o conftest -g -O2   conftest.c  >&5
configure:5561: $? = 0
configure:5564: test -z 			 || test ! -s conftest.err
configure:5567: $? = 0
configure:5570: test -s conftest
configure:5573: $? = 0
configure:5585: result: yes
configure:5498: checking for socket
configure:5555: gcc -o conftest -g -O2   conftest.c  >&5
configure:5561: $? = 0
configure:5564: test -z 			 || test ! -s conftest.err
configure:5567: $? = 0
configure:5570: test -s conftest
configure:5573: $? = 0
configure:5585: result: yes
configure:5498: checking for inet_aton
configure:5555: gcc -o conftest -g -O2   conftest.c  >&5
configure:5561: $? = 0
configure:5564: test -z 			 || test ! -s conftest.err
configure:5567: $? = 0
configure:5570: test -s conftest
configure:5573: $? = 0
configure:5585: result: yes
configure:5498: checking for herror
configure:5555: gcc -o conftest -g -O2   conftest.c  >&5
configure:5561: $? = 0
configure:5564: test -z 			 || test ! -s conftest.err
configure:5567: $? = 0
configure:5570: test -s conftest
configure:5573: $? = 0
configure:5585: result: yes
configure:5498: checking for inet_addr
configure:5555: gcc -o conftest -g -O2   conftest.c  >&5
configure:5561: $? = 0
configure:5564: test -z 			 || test ! -s conftest.err
configure:5567: $? = 0
configure:5570: test -s conftest
configure:5573: $? = 0
configure:5585: result: yes
configure:5600: checking for scandir
configure:5657: gcc -o conftest -g -O2   conftest.c  >&5
configure:5663: $? = 0
configure:5666: test -z 			 || test ! -s conftest.err
configure:5669: $? = 0
configure:5672: test -s conftest
configure:5675: $? = 0
configure:5687: result: yes
configure:5600: checking for alphasort
configure:5657: gcc -o conftest -g -O2   conftest.c  >&5
configure:5663: $? = 0
configure:5666: test -z 			 || test ! -s conftest.err
configure:5669: $? = 0
configure:5672: test -s conftest
configure:5675: $? = 0
configure:5687: result: yes
configure:5701: checking for madvise
configure:5758: gcc -o conftest -g -O2   conftest.c  >&5
configure:5764: $? = 0
configure:5767: test -z 			 || test ! -s conftest.err
configure:5770: $? = 0
configure:5773: test -s conftest
configure:5776: $? = 0
configure:5788: result: yes
configure:5805: checking for tm.tm_gmtoff
configure:5850: gcc -c -g -O2  conftest.c >&5
configure:5856: $? = 0
configure:5859: test -z 			 || test ! -s conftest.err
configure:5862: $? = 0
configure:5865: test -s conftest.o
configure:5868: $? = 0
configure:5883: result: yes
configure:5909: checking for tm.tm_zone
configure:5955: gcc -c -g -O2  conftest.c >&5
configure:5961: $? = 0
configure:5964: test -z 			 || test ! -s conftest.err
configure:5967: $? = 0
configure:5970: test -s conftest.o
configure:5973: $? = 0
configure:5988: result: yes
configure:6014: checking for sockaddr_in.sin_len
configure:6051: gcc -c -g -O2  conftest.c >&5
conftest.c: In function 'main':
conftest.c:65: error: 'struct sockaddr_in' has no member named 'sin_len'
configure:6057: $? = 1
configure: failed program was:
| /* confdefs.h.  */
| 
| #define PACKAGE_NAME ""
| #define PACKAGE_TARNAME ""
| #define PACKAGE_VERSION ""
| #define PACKAGE_STRING ""
| #define PACKAGE_BUGREPORT ""
| #define HAVE_FUNC
| #define HAVE_DIRENT_H 1
| #define STDC_HEADERS 1
| #define HAVE_SYS_WAIT_H 1
| #define HAVE_SYS_TYPES_H 1
| #define HAVE_SYS_STAT_H 1
| #define HAVE_STDLIB_H 1
| #define HAVE_STRING_H 1
| #define HAVE_MEMORY_H 1
| #define HAVE_STRINGS_H 1
| #define HAVE_INTTYPES_H 1
| #define HAVE_STDINT_H 1
| #define HAVE_UNISTD_H 1
| #define HAVE_FCNTL_H 1
| #define HAVE_SYS_FCNTL_H 1
| #define HAVE_LIMITS_H 1
| #define HAVE_SYS_TIME_H 1
| #define HAVE_GETOPT_H 1
| #define HAVE_UNISTD_H 1
| #define TIME_WITH_SYS_TIME 1
| #define HAVE_FNMATCH 1
| #define HAVE_STDLIB_H 1
| #define HAVE_UNISTD_H 1
| #define HAVE_GETPAGESIZE 1
| #define HAVE_MMAP 1
| #define PROTOTYPES 1
| #define __PROTOTYPES 1
| #define HAVE_GETCWD 1
| #define HAVE_STRDUP 1
| #define HAVE_STRSTR 1
| #define HAVE_STRCSPN 1
| #define HAVE_STRTOL 1
| #define HAVE_GETHOSTNAME 1
| #define HAVE_GETHOSTBYNAME 1
| #define HAVE_SOCKET 1
| #define HAVE_INET_ATON 1
| #define HAVE_HERROR 1
| #define HAVE_INET_ADDR 1
| #define HAVE_SCANDIR 1
| #define HAVE_ALPHASORT 1
| #define HAVE_MADVISE 1
| #define STRUCT_TM_HAS_TM_GMTOFF 1
| #define HAVE_TM_GMTOFF 1
| #define STRUCT_TM_HAS_TM_ZONE 1
| #define HAVE_TM_ZONE 1
| /* end confdefs.h.  */
| 
| 
| #include <sys/types.h>
| #include <netinet/in.h>
| 
| 
| int
| main ()
| {
| 
| struct sockaddr_in testit;
| testit.sin_len = 0;
| 
|   ;
|   return 0;
| }
configure:6091: result: no
configure:6125: checking compile and link profiling code
configure:6143: result: no
configure:6149: checking whether to enable gunzip support
configure:6209: result: yes
configure:6213: checking for gunzip
configure:6231: found /bin/gunzip
configure:6243: result: /bin/gunzip
configure:6258: checking whether to enable access control support
configure:6276: result: no
configure:6282: checking whether to compile and link debugging code
configure:6300: result: yes
configure:6307: checking whether to disable verbose/debug logging
configure:6324: result: yes
configure:6329: checking whether to link with the Dmalloc memory debugger/profiler
configure:6419: result: no
configure:6424: checking whether to link with the Electric Fence memory debugger
configure:6508: result: no
configure:6515: checking whether to enable the use of the sendfile(2) system call
configure:6781: result: yes
configure:6797: checking sys/sendfile.h usability
configure:6809: gcc -c -g -O2 -pipe -Wall  conftest.c >&5
configure:6815: $? = 0
configure:6818: test -z 			 || test ! -s conftest.err
configure:6821: $? = 0
configure:6824: test -s conftest.o
configure:6827: $? = 0
configure:6837: result: yes
configure:6841: checking sys/sendfile.h presence
configure:6851: gcc -E  conftest.c
configure:6857: $? = 0
configure:6877: result: yes
configure:6912: checking for sys/sendfile.h
configure:6919: result: yes
configure:6936: checking for sendfile
configure:6993: gcc -o conftest -g -O2 -pipe -Wall   -g conftest.c  >&5
configure:6999: $? = 0
configure:7002: test -z 			 || test ! -s conftest.err
configure:7005: $? = 0
configure:7008: test -s conftest
configure:7011: $? = 0
configure:7023: result: yes
configure:7040: checking whether to use poll or select
configure:7059: result: trying select
configure:7337: checking sys/select.h usability
configure:7349: gcc -c -g -O2 -pipe -Wall  conftest.c >&5
configure:7355: $? = 0
configure:7358: test -z 			 || test ! -s conftest.err
configure:7361: $? = 0
configure:7364: test -s conftest.o
configure:7367: $? = 0
configure:7377: result: yes
configure:7381: checking sys/select.h presence
configure:7391: gcc -E  conftest.c
configure:7397: $? = 0
configure:7417: result: yes
configure:7452: checking for sys/select.h
configure:7459: result: yes
configure:7476: checking for select
configure:7533: gcc -o conftest -g -O2 -pipe -Wall   -g conftest.c  >&5
configure:7539: $? = 0
configure:7542: test -z 			 || test ! -s conftest.err
configure:7545: $? = 0
configure:7548: test -s conftest
configure:7551: $? = 0
configure:7563: result: yes
configure:7697: creating ./config.status

## ---------------------- ##
## Running config.status. ##
## ---------------------- ##

This file was extended by config.status, which was
generated by GNU Autoconf 2.59.  Invocation command line was

  CONFIG_FILES    = 
  CONFIG_HEADERS  = 
  CONFIG_LINKS    = 
  CONFIG_COMMANDS = 
  $ ./config.status 

on RexLinux

config.status:699: creating Makefile
config.status:699: creating src/Makefile
config.status:699: creating docs/Makefile
config.status:764: creating src/config.h

## ---------------- ##
## Cache variables. ##
## ---------------- ##

_cv_gnu_make_command=make
ac_cv_build=i686-pc-linux-gnu
ac_cv_build_alias=i686-pc-linux-gnu
ac_cv_c_compiler_gnu=yes
ac_cv_c_const=yes
ac_cv_c_var_func=yes
ac_cv_env_CC_set=
ac_cv_env_CC_value=
ac_cv_env_CFLAGS_set=
ac_cv_env_CFLAGS_value=
ac_cv_env_CPPFLAGS_set=
ac_cv_env_CPPFLAGS_value=
ac_cv_env_CPP_set=
ac_cv_env_CPP_value=
ac_cv_env_LDFLAGS_set=
ac_cv_env_LDFLAGS_value=
ac_cv_env_build_alias_set=
ac_cv_env_build_alias_value=
ac_cv_env_host_alias_set=
ac_cv_env_host_alias_value=
ac_cv_env_target_alias_set=
ac_cv_env_target_alias_value=
ac_cv_exeext=
ac_cv_func_alphasort=yes
ac_cv_func_fnmatch_works=yes
ac_cv_func_getcwd=yes
ac_cv_func_gethostbyname=yes
ac_cv_func_gethostname=yes
ac_cv_func_getpagesize=yes
ac_cv_func_herror=yes
ac_cv_func_inet_addr=yes
ac_cv_func_inet_aton=yes
ac_cv_func_madvise=yes
ac_cv_func_memcmp_working=yes
ac_cv_func_mmap_fixed_mapped=yes
ac_cv_func_scandir=yes
ac_cv_func_select=yes
ac_cv_func_sendfile=yes
ac_cv_func_setvbuf_reversed=no
ac_cv_func_socket=yes
ac_cv_func_strcspn=yes
ac_cv_func_strdup=yes
ac_cv_func_strstr=yes
ac_cv_func_strtol=yes
ac_cv_header_dirent_dirent_h=yes
ac_cv_header_fcntl_h=yes
ac_cv_header_getopt_h=yes
ac_cv_header_inttypes_h=yes
ac_cv_header_limits_h=yes
ac_cv_header_memory_h=yes
ac_cv_header_stdc=yes
ac_cv_header_stdint_h=yes
ac_cv_header_stdlib_h=yes
ac_cv_header_string_h=yes
ac_cv_header_strings_h=yes
ac_cv_header_sys_fcntl_h=yes
ac_cv_header_sys_select_h=yes
ac_cv_header_sys_sendfile_h=yes
ac_cv_header_sys_stat_h=yes
ac_cv_header_sys_time_h=yes
ac_cv_header_sys_types_h=yes
ac_cv_header_sys_wait_h=yes
ac_cv_header_time=yes
ac_cv_header_unistd_h=yes
ac_cv_host=i686-pc-linux-gnu
ac_cv_host_alias=i686-pc-linux-gnu
ac_cv_objext=o
ac_cv_path_GUNZIP=/bin/gunzip
ac_cv_prog_CPP='gcc -E'
ac_cv_prog_ac_ct_CC=gcc
ac_cv_prog_cc_g=yes
ac_cv_prog_cc_stdc=
ac_cv_prog_egrep='grep -E'
ac_cv_search_gethostbyname='none required'
ac_cv_search_gethostname='none required'
ac_cv_search_inet_aton='none required'
ac_cv_search_opendir='none required'
ac_cv_search_socket='none required'
ac_cv_struct_sockaddr_in_has_sin_len=no
ac_cv_struct_tm=time.h
ac_cv_struct_tm_has_tm_gmtoff=yes
ac_cv_struct_tm_has_tm_zone=yes
ac_cv_type_off_t=yes
ac_cv_type_pid_t=yes
ac_cv_type_size_t=yes
ac_cv_type_uid_t=yes

## ----------------- ##
## Output variables. ##
## ----------------- ##

ACCESSCONTROL_SOURCE=''
ALLSOURCES='$^'
ALPHASORT=''
ASYNCIO_SOURCE='select.c'
CC='gcc'
CFLAGS='-g -O2 -pipe -Wall'
CPP='gcc -E'
CPPFLAGS=''
DEFS='-DHAVE_CONFIG_H'
ECHO_C=''
ECHO_N='-n'
ECHO_T=''
EGREP='grep -E'
EXEEXT=''
GUNZIP='/bin/gunzip'
LDFLAGS=' -g'
LIBOBJS=''
LIBS=''
LTLIBOBJS=''
MAKE='make'
OBJEXT='o'
PACKAGE_BUGREPORT=''
PACKAGE_NAME=''
PACKAGE_STRING=''
PACKAGE_TARNAME=''
PACKAGE_VERSION=''
PATH_SEPARATOR=':'
SCANDIR=''
SHELL='/bin/sh'
STRUTIL=''
ac_ct_CC='gcc'
bindir='${exec_prefix}/bin'
build='i686-pc-linux-gnu'
build_alias=''
build_cpu='i686'
build_os='linux-gnu'
build_vendor='pc'
datadir='${prefix}/share'
exec_prefix='${prefix}'
host='i686-pc-linux-gnu'
host_alias=''
host_cpu='i686'
host_os='linux-gnu'
host_vendor='pc'
ifGNUmake=''
includedir='${prefix}/include'
infodir='${prefix}/info'
libdir='${exec_prefix}/lib'
libexecdir='${exec_prefix}/libexec'
localstatedir='${prefix}/var'
mandir='${prefix}/man'
oldincludedir='/usr/include'
prefix='/usr/local'
program_transform_name='s,x,x,'
sbindir='${exec_prefix}/sbin'
sharedstatedir='${prefix}/com'
sysconfdir='${prefix}/etc'
target_alias=''

## ----------- ##
## confdefs.h. ##
## ----------- ##

#define GUNZIP "/bin/gunzip"
#define HAVE_ALPHASORT 1
#define HAVE_DIRENT_H 1
#define HAVE_FCNTL_H 1
#define HAVE_FNMATCH 1
#define HAVE_FUNC
#define HAVE_GETCWD 1
#define HAVE_GETHOSTBYNAME 1
#define HAVE_GETHOSTNAME 1
#define HAVE_GETOPT_H 1
#define HAVE_GETPAGESIZE 1
#define HAVE_HERROR 1
#define HAVE_INET_ADDR 1
#define HAVE_INET_ATON 1
#define HAVE_INTTYPES_H 1
#define HAVE_LIMITS_H 1
#define HAVE_MADVISE 1
#define HAVE_MEMORY_H 1
#define HAVE_MMAP 1
#define HAVE_SCANDIR 1
#define HAVE_SELECT 1
#define HAVE_SENDFILE 1
#define HAVE_SOCKET 1
#define HAVE_STDINT_H 1
#define HAVE_STDLIB_H 1
#define HAVE_STDLIB_H 1
#define HAVE_STRCSPN 1
#define HAVE_STRDUP 1
#define HAVE_STRINGS_H 1
#define HAVE_STRING_H 1
#define HAVE_STRSTR 1
#define HAVE_STRTOL 1
#define HAVE_SYS_FCNTL_H 1
#define HAVE_SYS_SELECT_H 1
#define HAVE_SYS_SENDFILE_H 1
#define HAVE_SYS_STAT_H 1
#define HAVE_SYS_TIME_H 1
#define HAVE_SYS_TYPES_H 1
#define HAVE_SYS_WAIT_H 1
#define HAVE_TM_GMTOFF 1
#define HAVE_TM_ZONE 1
#define HAVE_UNISTD_H 1
#define HAVE_UNISTD_H 1
#define HAVE_UNISTD_H 1
#define PACKAGE_BUGREPORT ""
#define PACKAGE_NAME ""
#define PACKAGE_STRING ""
#define PACKAGE_TARNAME ""
#define PACKAGE_VERSION ""
#define PROTOTYPES 1
#define STDC_HEADERS 1
#define STRUCT_TM_HAS_TM_GMTOFF 1
#define STRUCT_TM_HAS_TM_ZONE 1
#define TIME_WITH_SYS_TIME 1
#define __PROTOTYPES 1

configure: exit 0
