This file contains any messages produced by compilers while
running configure, to aid debugging if configure makes a mistake.

It was created by iptables configure 1.4.10, which was
generated by GNU Autoconf 2.65.  Invocation command line was

  $ ./configure --host=mipsel-linux --with-kernel=/home/BR6477AC_Edimax/linux-2.6.36.x_4200 --enable-static host_alias=mipsel-linux CC=/home/BR6477AC_Edimax/tools/buildroot-gcc342/bin/mipsel-linux-gcc --no-create --no-recursion

## --------- ##
## Platform. ##
## --------- ##

hostname = localhost.localdomain
uname -m = i686
uname -r = 3.11.10-301.fc20.i686
uname -s = Linux
uname -v = #1 SMP Thu Dec 5 14:21:31 UTC 2013

/usr/bin/uname -p = i686
/bin/uname -X     = unknown

/bin/arch              = i686
/usr/bin/arch -k       = unknown
/usr/convex/getsysinfo = unknown
/usr/bin/hostinfo      = unknown
/bin/machine           = unknown
/usr/bin/oslevel       = unknown
/bin/universe          = unknown

PATH: /home/BR6477AC_Edimax/tools/buildroot-gcc342/bin
PATH: /usr/local/sbin
PATH: /usr/sbin
PATH: /usr/local/bin
PATH: /usr/bin
PATH: /bin
PATH: /root/bin


## ----------- ##
## Core tests. ##
## ----------- ##

configure:2409: checking for a BSD-compatible install
configure:2477: result: /usr/bin/install -c
configure:2490: checking whether build environment is sane
configure:2540: result: yes
configure:2589: checking for mipsel-linux-strip
configure:2605: found /home/BR6477AC_Edimax/tools/buildroot-gcc342/bin/mipsel-linux-strip
configure:2616: result: mipsel-linux-strip
configure:2681: checking for a thread-safe mkdir -p
configure:2720: result: /usr/bin/mkdir -p
configure:2733: checking for gawk
configure:2749: found /usr/bin/gawk
configure:2760: result: gawk
configure:2771: checking whether make sets $(MAKE)
configure:2793: result: yes
configure:2881: checking for mipsel-linux-gcc
configure:2908: result: /home/BR6477AC_Edimax/tools/buildroot-gcc342/bin/mipsel-linux-gcc
configure:3177: checking for C compiler version
configure:3186: /home/BR6477AC_Edimax/tools/buildroot-gcc342/bin/mipsel-linux-gcc --version >&5
mipsel-linux-gcc (GCC) 3.4.2
Copyright (C) 2004 Free Software Foundation, Inc.
This is free software; see the source for copying conditions.  There is NO
warranty; not even for MERCHANTABILITY or FITNESS FOR A PARTICULAR PURPOSE.

configure:3197: $? = 0
configure:3186: /home/BR6477AC_Edimax/tools/buildroot-gcc342/bin/mipsel-linux-gcc -v >&5
Reading specs from /home/BR6477AC_Edimax/tools/buildroot-gcc342/bin/../lib/gcc/mipsel-linux-uclibc/3.4.2/specs
Configured with: /home/winfred/RT288x_SDK/toolchain/buildroot/toolchain_build_mipsel/gcc-3.4.2/configure --prefix=/home/winfred/RT288x_SDK/toolchain/buildroot-gdb --build=i386-pc-linux-gnu --host=i386-pc-linux-gnu --target=mipsel-linux-uclibc --enable-languages=c,c++ --disable-__cxa_atexit --enable-target-optspace --with-gnu-ld --disable-shared --disable-nls --enable-threads --enable-multilib --enable-sjlj-exceptions : (reconfigured) /home/winfred/RT288x_SDK/toolchain/buildroot/toolchain_build_mipsel/gcc-3.4.2/configure --prefix=/home/winfred/RT288x_SDK/toolchain/buildroot-gdb --build=i386-pc-linux-gnu --host=i386-pc-linux-gnu --target=mipsel-linux-uclibc --enable-languages=c,c++ --disable-__cxa_atexit --enable-target-optspace --with-gnu-ld --disable-shared --disable-nls --enable-threads --enable-multilib --enable-sjlj-exceptions
Thread model: posix
gcc version 3.4.2
configure:3197: $? = 0
configure:3186: /home/BR6477AC_Edimax/tools/buildroot-gcc342/bin/mipsel-linux-gcc -V >&5
mipsel-linux-gcc: `-V' option must have argument
configure:3197: $? = 1
configure:3186: /home/BR6477AC_Edimax/tools/buildroot-gcc342/bin/mipsel-linux-gcc -qversion >&5
mipsel-linux-gcc: unrecognized option `-qversion'
mipsel-linux-gcc: no input files
configure:3197: $? = 1
configure:3217: checking whether the C compiler works
configure:3239: /home/BR6477AC_Edimax/tools/buildroot-gcc342/bin/mipsel-linux-gcc    conftest.c  >&5
configure:3243: $? = 0
configure:3292: result: yes
configure:3295: checking for C compiler default output file name
configure:3297: result: a.out
configure:3303: checking for suffix of executables
configure:3310: /home/BR6477AC_Edimax/tools/buildroot-gcc342/bin/mipsel-linux-gcc -o conftest    conftest.c  >&5
configure:3314: $? = 0
configure:3336: result: 
configure:3358: checking whether we are cross compiling
configure:3366: /home/BR6477AC_Edimax/tools/buildroot-gcc342/bin/mipsel-linux-gcc -o conftest    conftest.c  >&5
configure:3370: $? = 0
configure:3377: ./conftest
./configure: line 3379: ./conftest: cannot execute binary file
configure:3381: $? = 126
configure:3396: result: yes
configure:3401: checking for suffix of object files
configure:3423: /home/BR6477AC_Edimax/tools/buildroot-gcc342/bin/mipsel-linux-gcc -c   conftest.c >&5
configure:3427: $? = 0
configure:3448: result: o
configure:3452: checking whether we are using the GNU C compiler
configure:3471: /home/BR6477AC_Edimax/tools/buildroot-gcc342/bin/mipsel-linux-gcc -c   conftest.c >&5
configure:3471: $? = 0
configure:3480: result: yes
configure:3489: checking whether /home/BR6477AC_Edimax/tools/buildroot-gcc342/bin/mipsel-linux-gcc accepts -g
configure:3509: /home/BR6477AC_Edimax/tools/buildroot-gcc342/bin/mipsel-linux-gcc -c -g  conftest.c >&5
configure:3509: $? = 0
configure:3550: result: yes
configure:3567: checking for /home/BR6477AC_Edimax/tools/buildroot-gcc342/bin/mipsel-linux-gcc option to accept ISO C89
configure:3631: /home/BR6477AC_Edimax/tools/buildroot-gcc342/bin/mipsel-linux-gcc  -c -g -O2  conftest.c >&5
configure:3631: $? = 0
configure:3644: result: none needed
configure:3675: checking for style of include used by make
configure:3703: result: GNU
configure:3728: checking dependency style of /home/BR6477AC_Edimax/tools/buildroot-gcc342/bin/mipsel-linux-gcc
configure:3838: result: gcc3
configure:3854: checking whether /home/BR6477AC_Edimax/tools/buildroot-gcc342/bin/mipsel-linux-gcc and cc understand -c and -o together
configure:3885: /home/BR6477AC_Edimax/tools/buildroot-gcc342/bin/mipsel-linux-gcc -c conftest.c -o conftest2.o >&5
configure:3889: $? = 0
configure:3895: /home/BR6477AC_Edimax/tools/buildroot-gcc342/bin/mipsel-linux-gcc -c conftest.c -o conftest2.o >&5
configure:3899: $? = 0
configure:3910: cc -c conftest.c >&5
configure:3914: $? = 0
configure:3922: cc -c conftest.c -o conftest2.o >&5
configure:3926: $? = 0
configure:3932: cc -c conftest.c -o conftest2.o >&5
configure:3936: $? = 0
configure:3954: result: yes
configure:4039: checking build system type
configure:4053: result: i686-pc-linux-gnu
configure:4073: checking host system type
configure:4086: result: mipsel-unknown-linux-gnu
configure:4106: checking for a sed that does not truncate output
configure:4170: result: /usr/bin/sed
configure:4188: checking for grep that handles long lines and -e
configure:4246: result: /usr/bin/grep
configure:4251: checking for egrep
configure:4313: result: /usr/bin/grep -E
configure:4318: checking for fgrep
configure:4380: result: /usr/bin/grep -F
configure:4415: checking for ld used by /home/BR6477AC_Edimax/tools/buildroot-gcc342/bin/mipsel-linux-gcc
configure:4482: result: /home/BR6477AC_Edimax/tools/buildroot-gcc342/mipsel-linux-uclibc/bin/ld
configure:4489: checking if the linker (/home/BR6477AC_Edimax/tools/buildroot-gcc342/mipsel-linux-uclibc/bin/ld) is GNU ld
configure:4504: result: yes
configure:4516: checking for BSD- or MS-compatible name lister (nm)
configure:4565: result: /home/BR6477AC_Edimax/tools/buildroot-gcc342/bin/mipsel-linux-nm -B
configure:4683: checking the name lister (/home/BR6477AC_Edimax/tools/buildroot-gcc342/bin/mipsel-linux-nm -B) interface
configure:4690: /home/BR6477AC_Edimax/tools/buildroot-gcc342/bin/mipsel-linux-gcc -c -g -O2  conftest.c >&5
configure:4693: /home/BR6477AC_Edimax/tools/buildroot-gcc342/bin/mipsel-linux-nm -B "conftest.o"
configure:4696: output
00000000 B some_variable
configure:4703: result: BSD nm
configure:4706: checking whether ln -s works
configure:4710: result: yes
configure:4718: checking the maximum length of command line arguments
configure:4838: result: 1572864
configure:4855: checking whether the shell understands some XSI constructs
configure:4865: result: yes
configure:4869: checking whether the shell understands "+="
configure:4875: result: yes
configure:4910: checking for /home/BR6477AC_Edimax/tools/buildroot-gcc342/mipsel-linux-uclibc/bin/ld option to reload object files
configure:4917: result: -r
configure:4946: checking for mipsel-linux-objdump
configure:4962: found /home/BR6477AC_Edimax/tools/buildroot-gcc342/bin/mipsel-linux-objdump
configure:4973: result: mipsel-linux-objdump
configure:5045: checking how to recognize dependent libraries
configure:5241: result: pass_all
configure:5261: checking for mipsel-linux-ar
configure:5277: found /home/BR6477AC_Edimax/tools/buildroot-gcc342/bin/mipsel-linux-ar
configure:5288: result: mipsel-linux-ar
configure:5366: checking for mipsel-linux-strip
configure:5393: result: mipsel-linux-strip
configure:5465: checking for mipsel-linux-ranlib
configure:5481: found /home/BR6477AC_Edimax/tools/buildroot-gcc342/bin/mipsel-linux-ranlib
configure:5492: result: mipsel-linux-ranlib
configure:5622: checking command to parse /home/BR6477AC_Edimax/tools/buildroot-gcc342/bin/mipsel-linux-nm -B output from /home/BR6477AC_Edimax/tools/buildroot-gcc342/bin/mipsel-linux-gcc object
configure:5740: /home/BR6477AC_Edimax/tools/buildroot-gcc342/bin/mipsel-linux-gcc -c -g -O2  conftest.c >&5
configure:5743: $? = 0
configure:5747: /home/BR6477AC_Edimax/tools/buildroot-gcc342/bin/mipsel-linux-nm -B conftest.o \| sed -n -e 's/^.*[	 ]\([ABCDGIRSTW][ABCDGIRSTW]*\)[	 ][	 ]*\([_A-Za-z][_A-Za-z0-9]*\)$/\1 \2 \2/p' \> conftest.nm
configure:5750: $? = 0
configure:5804: /home/BR6477AC_Edimax/tools/buildroot-gcc342/bin/mipsel-linux-gcc -o conftest -g -O2   conftest.c conftstm.o >&5
configure:5807: $? = 0
configure:5845: result: ok
configure:6654: checking how to run the C preprocessor
configure:6685: /home/BR6477AC_Edimax/tools/buildroot-gcc342/bin/mipsel-linux-gcc -E  conftest.c
configure:6685: $? = 0
configure:6699: /home/BR6477AC_Edimax/tools/buildroot-gcc342/bin/mipsel-linux-gcc -E  conftest.c
conftest.c:11:28: ac_nonexistent.h: No such file or directory
configure:6699: $? = 1
configure: failed program was:
| /* confdefs.h */
| #define PACKAGE_NAME "iptables"
| #define PACKAGE_TARNAME "iptables"
| #define PACKAGE_VERSION "1.4.10"
| #define PACKAGE_STRING "iptables 1.4.10"
| #define PACKAGE_BUGREPORT ""
| #define PACKAGE_URL ""
| #define PACKAGE "iptables"
| #define VERSION "1.4.10"
| /* end confdefs.h.  */
| #include <ac_nonexistent.h>
configure:6724: result: /home/BR6477AC_Edimax/tools/buildroot-gcc342/bin/mipsel-linux-gcc -E
configure:6744: /home/BR6477AC_Edimax/tools/buildroot-gcc342/bin/mipsel-linux-gcc -E  conftest.c
configure:6744: $? = 0
configure:6758: /home/BR6477AC_Edimax/tools/buildroot-gcc342/bin/mipsel-linux-gcc -E  conftest.c
conftest.c:11:28: ac_nonexistent.h: No such file or directory
configure:6758: $? = 1
configure: failed program was:
| /* confdefs.h */
| #define PACKAGE_NAME "iptables"
| #define PACKAGE_TARNAME "iptables"
| #define PACKAGE_VERSION "1.4.10"
| #define PACKAGE_STRING "iptables 1.4.10"
| #define PACKAGE_BUGREPORT ""
| #define PACKAGE_URL ""
| #define PACKAGE "iptables"
| #define VERSION "1.4.10"
| /* end confdefs.h.  */
| #include <ac_nonexistent.h>
configure:6787: checking for ANSI C header files
configure:6807: /home/BR6477AC_Edimax/tools/buildroot-gcc342/bin/mipsel-linux-gcc -c -g -O2  conftest.c >&5
configure:6807: $? = 0
configure:6891: result: yes
configure:6904: checking for sys/types.h
configure:6904: /home/BR6477AC_Edimax/tools/buildroot-gcc342/bin/mipsel-linux-gcc -c -g -O2  conftest.c >&5
configure:6904: $? = 0
configure:6904: result: yes
configure:6904: checking for sys/stat.h
configure:6904: /home/BR6477AC_Edimax/tools/buildroot-gcc342/bin/mipsel-linux-gcc -c -g -O2  conftest.c >&5
configure:6904: $? = 0
configure:6904: result: yes
configure:6904: checking for stdlib.h
configure:6904: /home/BR6477AC_Edimax/tools/buildroot-gcc342/bin/mipsel-linux-gcc -c -g -O2  conftest.c >&5
configure:6904: $? = 0
configure:6904: result: yes
configure:6904: checking for string.h
configure:6904: /home/BR6477AC_Edimax/tools/buildroot-gcc342/bin/mipsel-linux-gcc -c -g -O2  conftest.c >&5
configure:6904: $? = 0
configure:6904: result: yes
configure:6904: checking for memory.h
configure:6904: /home/BR6477AC_Edimax/tools/buildroot-gcc342/bin/mipsel-linux-gcc -c -g -O2  conftest.c >&5
configure:6904: $? = 0
configure:6904: result: yes
configure:6904: checking for strings.h
configure:6904: /home/BR6477AC_Edimax/tools/buildroot-gcc342/bin/mipsel-linux-gcc -c -g -O2  conftest.c >&5
configure:6904: $? = 0
configure:6904: result: yes
configure:6904: checking for inttypes.h
configure:6904: /home/BR6477AC_Edimax/tools/buildroot-gcc342/bin/mipsel-linux-gcc -c -g -O2  conftest.c >&5
configure:6904: $? = 0
configure:6904: result: yes
configure:6904: checking for stdint.h
configure:6904: /home/BR6477AC_Edimax/tools/buildroot-gcc342/bin/mipsel-linux-gcc -c -g -O2  conftest.c >&5
configure:6904: $? = 0
configure:6904: result: yes
configure:6904: checking for unistd.h
configure:6904: /home/BR6477AC_Edimax/tools/buildroot-gcc342/bin/mipsel-linux-gcc -c -g -O2  conftest.c >&5
configure:6904: $? = 0
configure:6904: result: yes
configure:6919: checking for dlfcn.h
configure:6919: /home/BR6477AC_Edimax/tools/buildroot-gcc342/bin/mipsel-linux-gcc -c -g -O2  conftest.c >&5
configure:6919: $? = 0
configure:6919: result: yes
configure:7073: checking for objdir
configure:7088: result: .libs
configure:7384: checking if /home/BR6477AC_Edimax/tools/buildroot-gcc342/bin/mipsel-linux-gcc supports -fno-rtti -fno-exceptions
configure:7402: /home/BR6477AC_Edimax/tools/buildroot-gcc342/bin/mipsel-linux-gcc -c -g -O2  -fno-rtti -fno-exceptions conftest.c >&5
cc1: warning: command line option "-fno-rtti" is valid for C++/ObjC++ but not for C
configure:7406: $? = 0
configure:7419: result: no
configure:7439: checking for /home/BR6477AC_Edimax/tools/buildroot-gcc342/bin/mipsel-linux-gcc option to produce PIC
configure:7711: result: -fPIC -DPIC
configure:7723: checking if /home/BR6477AC_Edimax/tools/buildroot-gcc342/bin/mipsel-linux-gcc PIC flag -fPIC -DPIC works
configure:7741: /home/BR6477AC_Edimax/tools/buildroot-gcc342/bin/mipsel-linux-gcc -c -g -O2  -fPIC -DPIC -DPIC conftest.c >&5
configure:7745: $? = 0
configure:7758: result: yes
configure:7782: checking if /home/BR6477AC_Edimax/tools/buildroot-gcc342/bin/mipsel-linux-gcc static flag -static works
configure:7810: result: yes
configure:7825: checking if /home/BR6477AC_Edimax/tools/buildroot-gcc342/bin/mipsel-linux-gcc supports -c -o file.o
configure:7846: /home/BR6477AC_Edimax/tools/buildroot-gcc342/bin/mipsel-linux-gcc -c -g -O2  -o out/conftest2.o conftest.c >&5
configure:7850: $? = 0
configure:7872: result: yes
configure:7880: checking if /home/BR6477AC_Edimax/tools/buildroot-gcc342/bin/mipsel-linux-gcc supports -c -o file.o
configure:7927: result: yes
configure:7960: checking whether the /home/BR6477AC_Edimax/tools/buildroot-gcc342/bin/mipsel-linux-gcc linker (/home/BR6477AC_Edimax/tools/buildroot-gcc342/mipsel-linux-uclibc/bin/ld) supports shared libraries
configure:8951: result: yes
configure:8988: checking whether -lc should be explicitly linked in
configure:8993: /home/BR6477AC_Edimax/tools/buildroot-gcc342/bin/mipsel-linux-gcc -c -g -O2  conftest.c >&5
configure:8996: $? = 0
configure:9011: /home/BR6477AC_Edimax/tools/buildroot-gcc342/bin/mipsel-linux-gcc -shared conftest.o  -v -Wl,-soname -Wl,conftest -o conftest 2\>\&1 \| /usr/bin/grep  -lc  \>/dev/null 2\>\&1
configure:9014: $? = 0
configure:9026: result: no
configure:9190: checking dynamic linker characteristics
configure:9623: /home/BR6477AC_Edimax/tools/buildroot-gcc342/bin/mipsel-linux-gcc -o conftest -g -O2   -Wl,-rpath -Wl,/foo conftest.c  >&5
configure:9623: $? = 0
configure:9853: result: GNU/Linux ld.so
configure:9955: checking how to hardcode library paths into programs
configure:9980: result: immediate
configure:10500: checking whether stripping libraries is possible
configure:10505: result: yes
configure:10540: checking if libtool supports shared libraries
configure:10542: result: yes
configure:10545: checking whether to build shared libraries
configure:10566: result: yes
configure:10569: checking whether to build static libraries
configure:10573: result: yes
configure:10679: checking whether the linker accepts -Wl,--no-as-needed
configure:10698: /home/BR6477AC_Edimax/tools/buildroot-gcc342/bin/mipsel-linux-gcc -o conftest -g -O2  -Wl,--no-as-needed conftest.c  >&5
configure:10698: $? = 0
configure:10709: result: yes
configure:10721: checking linux/dccp.h usability
configure:10721: /home/BR6477AC_Edimax/tools/buildroot-gcc342/bin/mipsel-linux-gcc -c -g -O2  conftest.c >&5
conftest.c:56:24: linux/dccp.h: No such file or directory
configure:10721: $? = 1
configure: failed program was:
| /* confdefs.h */
| #define PACKAGE_NAME "iptables"
| #define PACKAGE_TARNAME "iptables"
| #define PACKAGE_VERSION "1.4.10"
| #define PACKAGE_STRING "iptables 1.4.10"
| #define PACKAGE_BUGREPORT ""
| #define PACKAGE_URL ""
| #define PACKAGE "iptables"
| #define VERSION "1.4.10"
| #define STDC_HEADERS 1
| #define HAVE_SYS_TYPES_H 1
| #define HAVE_SYS_STAT_H 1
| #define HAVE_STDLIB_H 1
| #define HAVE_STRING_H 1
| #define HAVE_MEMORY_H 1
| #define HAVE_STRINGS_H 1
| #define HAVE_INTTYPES_H 1
| #define HAVE_STDINT_H 1
| #define HAVE_UNISTD_H 1
| #define HAVE_DLFCN_H 1
| #define LT_OBJDIR ".libs/"
| /* end confdefs.h.  */
| #include <stdio.h>
| #ifdef HAVE_SYS_TYPES_H
| # include <sys/types.h>
| #endif
| #ifdef HAVE_SYS_STAT_H
| # include <sys/stat.h>
| #endif
| #ifdef STDC_HEADERS
| # include <stdlib.h>
| # include <stddef.h>
| #else
| # ifdef HAVE_STDLIB_H
| #  include <stdlib.h>
| # endif
| #endif
| #ifdef HAVE_STRING_H
| # if !defined STDC_HEADERS && defined HAVE_MEMORY_H
| #  include <memory.h>
| # endif
| # include <string.h>
| #endif
| #ifdef HAVE_STRINGS_H
| # include <strings.h>
| #endif
| #ifdef HAVE_INTTYPES_H
| # include <inttypes.h>
| #endif
| #ifdef HAVE_STDINT_H
| # include <stdint.h>
| #endif
| #ifdef HAVE_UNISTD_H
| # include <unistd.h>
| #endif
| #include <linux/dccp.h>
configure:10721: result: no
configure:10721: checking linux/dccp.h presence
configure:10721: /home/BR6477AC_Edimax/tools/buildroot-gcc342/bin/mipsel-linux-gcc -E  conftest.c
conftest.c:23:24: linux/dccp.h: No such file or directory
configure:10721: $? = 1
configure: failed program was:
| /* confdefs.h */
| #define PACKAGE_NAME "iptables"
| #define PACKAGE_TARNAME "iptables"
| #define PACKAGE_VERSION "1.4.10"
| #define PACKAGE_STRING "iptables 1.4.10"
| #define PACKAGE_BUGREPORT ""
| #define PACKAGE_URL ""
| #define PACKAGE "iptables"
| #define VERSION "1.4.10"
| #define STDC_HEADERS 1
| #define HAVE_SYS_TYPES_H 1
| #define HAVE_SYS_STAT_H 1
| #define HAVE_STDLIB_H 1
| #define HAVE_STRING_H 1
| #define HAVE_MEMORY_H 1
| #define HAVE_STRINGS_H 1
| #define HAVE_INTTYPES_H 1
| #define HAVE_STDINT_H 1
| #define HAVE_UNISTD_H 1
| #define HAVE_DLFCN_H 1
| #define LT_OBJDIR ".libs/"
| /* end confdefs.h.  */
| #include <linux/dccp.h>
configure:10721: result: no
configure:10721: checking for linux/dccp.h
configure:10721: result: no
configure:10731: checking linux/ip_vs.h usability
configure:10731: /home/BR6477AC_Edimax/tools/buildroot-gcc342/bin/mipsel-linux-gcc -c -g -O2  conftest.c >&5
conftest.c:56:25: linux/ip_vs.h: No such file or directory
configure:10731: $? = 1
configure: failed program was:
| /* confdefs.h */
| #define PACKAGE_NAME "iptables"
| #define PACKAGE_TARNAME "iptables"
| #define PACKAGE_VERSION "1.4.10"
| #define PACKAGE_STRING "iptables 1.4.10"
| #define PACKAGE_BUGREPORT ""
| #define PACKAGE_URL ""
| #define PACKAGE "iptables"
| #define VERSION "1.4.10"
| #define STDC_HEADERS 1
| #define HAVE_SYS_TYPES_H 1
| #define HAVE_SYS_STAT_H 1
| #define HAVE_STDLIB_H 1
| #define HAVE_STRING_H 1
| #define HAVE_MEMORY_H 1
| #define HAVE_STRINGS_H 1
| #define HAVE_INTTYPES_H 1
| #define HAVE_STDINT_H 1
| #define HAVE_UNISTD_H 1
| #define HAVE_DLFCN_H 1
| #define LT_OBJDIR ".libs/"
| /* end confdefs.h.  */
| #include <stdio.h>
| #ifdef HAVE_SYS_TYPES_H
| # include <sys/types.h>
| #endif
| #ifdef HAVE_SYS_STAT_H
| # include <sys/stat.h>
| #endif
| #ifdef STDC_HEADERS
| # include <stdlib.h>
| # include <stddef.h>
| #else
| # ifdef HAVE_STDLIB_H
| #  include <stdlib.h>
| # endif
| #endif
| #ifdef HAVE_STRING_H
| # if !defined STDC_HEADERS && defined HAVE_MEMORY_H
| #  include <memory.h>
| # endif
| # include <string.h>
| #endif
| #ifdef HAVE_STRINGS_H
| # include <strings.h>
| #endif
| #ifdef HAVE_INTTYPES_H
| # include <inttypes.h>
| #endif
| #ifdef HAVE_STDINT_H
| # include <stdint.h>
| #endif
| #ifdef HAVE_UNISTD_H
| # include <unistd.h>
| #endif
| #include <linux/ip_vs.h>
configure:10731: result: no
configure:10731: checking linux/ip_vs.h presence
configure:10731: /home/BR6477AC_Edimax/tools/buildroot-gcc342/bin/mipsel-linux-gcc -E  conftest.c
conftest.c:23:25: linux/ip_vs.h: No such file or directory
configure:10731: $? = 1
configure: failed program was:
| /* confdefs.h */
| #define PACKAGE_NAME "iptables"
| #define PACKAGE_TARNAME "iptables"
| #define PACKAGE_VERSION "1.4.10"
| #define PACKAGE_STRING "iptables 1.4.10"
| #define PACKAGE_BUGREPORT ""
| #define PACKAGE_URL ""
| #define PACKAGE "iptables"
| #define VERSION "1.4.10"
| #define STDC_HEADERS 1
| #define HAVE_SYS_TYPES_H 1
| #define HAVE_SYS_STAT_H 1
| #define HAVE_STDLIB_H 1
| #define HAVE_STRING_H 1
| #define HAVE_MEMORY_H 1
| #define HAVE_STRINGS_H 1
| #define HAVE_INTTYPES_H 1
| #define HAVE_STDINT_H 1
| #define HAVE_UNISTD_H 1
| #define HAVE_DLFCN_H 1
| #define LT_OBJDIR ".libs/"
| /* end confdefs.h.  */
| #include <linux/ip_vs.h>
configure:10731: result: no
configure:10731: checking for linux/ip_vs.h
configure:10731: result: no
configure:10810: checking for mipsel-linux-pkg-config
configure:10843: result: no
configure:10853: checking for pkg-config
configure:10871: found /usr/bin/pkg-config
configure:10883: result: /usr/bin/pkg-config
configure:10895: WARNING: using cross tools not prefixed with host triplet
configure:10908: checking pkg-config is at least version 0.9.0
configure:10911: result: yes
configure:10921: checking for libnfnetlink
configure:10928: $PKG_CONFIG --exists --print-errors "libnfnetlink >= 1.0"
Package libnfnetlink was not found in the pkg-config search path.
Perhaps you should add the directory containing `libnfnetlink.pc'
to the PKG_CONFIG_PATH environment variable
No package 'libnfnetlink' found
configure:10931: $? = 1
configure:10944: $PKG_CONFIG --exists --print-errors "libnfnetlink >= 1.0"
Package libnfnetlink was not found in the pkg-config search path.
Perhaps you should add the directory containing `libnfnetlink.pc'
to the PKG_CONFIG_PATH environment variable
No package 'libnfnetlink' found
configure:10947: $? = 1
configure:10960: result: no
No package 'libnfnetlink' found
configure:11175: creating ./config.status

## ---------------- ##
## Cache variables. ##
## ---------------- ##

ac_cv_build=i686-pc-linux-gnu
ac_cv_c_compiler_gnu=yes
ac_cv_env_CC_set=set
ac_cv_env_CC_value=/home/BR6477AC_Edimax/tools/buildroot-gcc342/bin/mipsel-linux-gcc
ac_cv_env_CFLAGS_set=
ac_cv_env_CFLAGS_value=
ac_cv_env_CPPFLAGS_set=
ac_cv_env_CPPFLAGS_value=
ac_cv_env_CPP_set=
ac_cv_env_CPP_value=
ac_cv_env_LDFLAGS_set=
ac_cv_env_LDFLAGS_value=
ac_cv_env_LIBS_set=
ac_cv_env_LIBS_value=
ac_cv_env_PKG_CONFIG_LIBDIR_set=
ac_cv_env_PKG_CONFIG_LIBDIR_value=
ac_cv_env_PKG_CONFIG_PATH_set=
ac_cv_env_PKG_CONFIG_PATH_value=
ac_cv_env_PKG_CONFIG_set=
ac_cv_env_PKG_CONFIG_value=
ac_cv_env_build_alias_set=
ac_cv_env_build_alias_value=
ac_cv_env_host_alias_set=set
ac_cv_env_host_alias_value=mipsel-linux
ac_cv_env_libnfnetlink_CFLAGS_set=
ac_cv_env_libnfnetlink_CFLAGS_value=
ac_cv_env_libnfnetlink_LIBS_set=
ac_cv_env_libnfnetlink_LIBS_value=
ac_cv_env_target_alias_set=
ac_cv_env_target_alias_value=
ac_cv_header_dlfcn_h=yes
ac_cv_header_inttypes_h=yes
ac_cv_header_linux_dccp_h=no
ac_cv_header_linux_ip_vs_h=no
ac_cv_header_memory_h=yes
ac_cv_header_stdc=yes
ac_cv_header_stdint_h=yes
ac_cv_header_stdlib_h=yes
ac_cv_header_string_h=yes
ac_cv_header_strings_h=yes
ac_cv_header_sys_stat_h=yes
ac_cv_header_sys_types_h=yes
ac_cv_header_unistd_h=yes
ac_cv_host=mipsel-unknown-linux-gnu
ac_cv_objext=o
ac_cv_path_EGREP='/usr/bin/grep -E'
ac_cv_path_FGREP='/usr/bin/grep -F'
ac_cv_path_GREP=/usr/bin/grep
ac_cv_path_SED=/usr/bin/sed
ac_cv_path_ac_pt_PKG_CONFIG=/usr/bin/pkg-config
ac_cv_path_install='/usr/bin/install -c'
ac_cv_path_mkdir=/usr/bin/mkdir
ac_cv_prog_AR=mipsel-linux-ar
ac_cv_prog_AWK=gawk
ac_cv_prog_CC=/home/BR6477AC_Edimax/tools/buildroot-gcc342/bin/mipsel-linux-gcc
ac_cv_prog_CPP='/home/BR6477AC_Edimax/tools/buildroot-gcc342/bin/mipsel-linux-gcc -E'
ac_cv_prog_OBJDUMP=mipsel-linux-objdump
ac_cv_prog_RANLIB=mipsel-linux-ranlib
ac_cv_prog_STRIP=mipsel-linux-strip
ac_cv_prog_cc__home_BR6477AC_Edimax_tools_buildroot_gcc342_bin_mipsel_linux_gcc_c_o=yes
ac_cv_prog_cc_c89=
ac_cv_prog_cc_g=yes
ac_cv_prog_make_make_set=yes
am_cv_CC_dependencies_compiler_type=gcc3
ax_cv_linker_flags__Wl___no_as_needed=yes
lt_cv_deplibs_check_method=pass_all
lt_cv_file_magic_cmd='$MAGIC_CMD'
lt_cv_file_magic_test_file=
lt_cv_ld_reload_flag=-r
lt_cv_nm_interface='BSD nm'
lt_cv_objdir=.libs
lt_cv_path_LD=/home/BR6477AC_Edimax/tools/buildroot-gcc342/mipsel-linux-uclibc/bin/ld
lt_cv_path_NM='/home/BR6477AC_Edimax/tools/buildroot-gcc342/bin/mipsel-linux-nm -B'
lt_cv_prog_compiler_c_o=yes
lt_cv_prog_compiler_pic_works=yes
lt_cv_prog_compiler_rtti_exceptions=no
lt_cv_prog_compiler_static_works=yes
lt_cv_prog_gnu_ld=yes
lt_cv_sys_global_symbol_pipe='sed -n -e '\''s/^.*[	 ]\([ABCDGIRSTW][ABCDGIRSTW]*\)[	 ][	 ]*\([_A-Za-z][_A-Za-z0-9]*\)$/\1 \2 \2/p'\'''
lt_cv_sys_global_symbol_to_c_name_address='sed -n -e '\''s/^: \([^ ]*\) $/  {\"\1\", (void *) 0},/p'\'' -e '\''s/^[ABCDGIRSTW]* \([^ ]*\) \([^ ]*\)$/  {"\2", (void *) \&\2},/p'\'''
lt_cv_sys_global_symbol_to_c_name_address_lib_prefix='sed -n -e '\''s/^: \([^ ]*\) $/  {\"\1\", (void *) 0},/p'\'' -e '\''s/^[ABCDGIRSTW]* \([^ ]*\) \(lib[^ ]*\)$/  {"\2", (void *) \&\2},/p'\'' -e '\''s/^[ABCDGIRSTW]* \([^ ]*\) \([^ ]*\)$/  {"lib\2", (void *) \&\2},/p'\'''
lt_cv_sys_global_symbol_to_cdecl='sed -n -e '\''s/^T .* \(.*\)$/extern int \1();/p'\'' -e '\''s/^[ABCDGIRSTW]* .* \(.*\)$/extern char \1;/p'\'''
lt_cv_sys_max_cmd_len=1572864

## ----------------- ##
## Output variables. ##
## ----------------- ##

ACLOCAL='${SHELL} /home/BR6477AC_Edimax/AP/iptables-1.4.10/missing --run aclocal-1.11'
AMDEPBACKSLASH='\'
AMDEP_FALSE='#'
AMDEP_TRUE=''
AMTAR='${SHELL} /home/BR6477AC_Edimax/AP/iptables-1.4.10/missing --run tar'
AR='mipsel-linux-ar'
AUTOCONF='${SHELL} /home/BR6477AC_Edimax/AP/iptables-1.4.10/missing --run autoconf'
AUTOHEADER='${SHELL} /home/BR6477AC_Edimax/AP/iptables-1.4.10/missing --run autoheader'
AUTOMAKE='${SHELL} /home/BR6477AC_Edimax/AP/iptables-1.4.10/missing --run automake-1.11'
AWK='gawk'
CC='/home/BR6477AC_Edimax/tools/buildroot-gcc342/bin/mipsel-linux-gcc'
CCDEPMODE='depmode=gcc3'
CFLAGS='-g -O2'
CPP='/home/BR6477AC_Edimax/tools/buildroot-gcc342/bin/mipsel-linux-gcc -E'
CPPFLAGS=''
CYGPATH_W='echo'
DEFS='-DHAVE_CONFIG_H'
DEPDIR='.deps'
DSYMUTIL=''
DUMPBIN=''
ECHO_C=''
ECHO_N='-n'
ECHO_T=''
EGREP='/usr/bin/grep -E'
ENABLE_DEVEL_FALSE='#'
ENABLE_DEVEL_TRUE=''
ENABLE_IPV4_FALSE='#'
ENABLE_IPV4_TRUE=''
ENABLE_IPV6_FALSE='#'
ENABLE_IPV6_TRUE=''
ENABLE_LARGEFILE_FALSE='#'
ENABLE_LARGEFILE_TRUE=''
ENABLE_LIBIPQ_FALSE=''
ENABLE_LIBIPQ_TRUE='#'
ENABLE_SHARED_FALSE='#'
ENABLE_SHARED_TRUE=''
ENABLE_STATIC_FALSE='#'
ENABLE_STATIC_TRUE=''
EXEEXT=''
FGREP='/usr/bin/grep -F'
GREP='/usr/bin/grep'
HAVE_LIBNFNETLINK_FALSE=''
HAVE_LIBNFNETLINK_TRUE='#'
INSTALL_DATA='${INSTALL} -m 644'
INSTALL_PROGRAM='${INSTALL}'
INSTALL_SCRIPT='${INSTALL}'
INSTALL_STRIP_PROGRAM='$(install_sh) -c -s'
LD='/home/BR6477AC_Edimax/tools/buildroot-gcc342/mipsel-linux-uclibc/bin/ld'
LDFLAGS=''
LIBOBJS=''
LIBS=''
LIBTOOL='$(SHELL) $(top_builddir)/libtool'
LIPO=''
LN_S='ln -s'
LTLIBOBJS=''
MAKEINFO='${SHELL} /home/BR6477AC_Edimax/AP/iptables-1.4.10/missing --run makeinfo'
MKDIR_P='/usr/bin/mkdir -p'
NM='/home/BR6477AC_Edimax/tools/buildroot-gcc342/bin/mipsel-linux-nm -B'
NMEDIT=''
OBJDUMP='mipsel-linux-objdump'
OBJEXT='o'
OTOOL64=''
OTOOL=''
PACKAGE='iptables'
PACKAGE_BUGREPORT=''
PACKAGE_NAME='iptables'
PACKAGE_STRING='iptables 1.4.10'
PACKAGE_TARNAME='iptables'
PACKAGE_URL=''
PACKAGE_VERSION='1.4.10'
PATH_SEPARATOR=':'
PKG_CONFIG='/usr/bin/pkg-config'
PKG_CONFIG_LIBDIR=''
PKG_CONFIG_PATH=''
RANLIB='mipsel-linux-ranlib'
SED='/usr/bin/sed'
SET_MAKE=''
SHELL='/bin/sh'
STRIP='mipsel-linux-strip'
VERSION='1.4.10'
ac_ct_CC=''
ac_ct_DUMPBIN=''
am__EXEEXT_FALSE=''
am__EXEEXT_TRUE='#'
am__fastdepCC_FALSE='#'
am__fastdepCC_TRUE=''
am__include='include'
am__isrc=''
am__leading_dot='.'
am__quote=''
am__tar='${AMTAR} chof - "$$tardir"'
am__untar='${AMTAR} xf -'
bindir='${exec_prefix}/bin'
blacklist_modules=' dccp ipvs'
build='i686-pc-linux-gnu'
build_alias=''
build_cpu='i686'
build_os='linux-gnu'
build_vendor='pc'
datadir='${datarootdir}'
datarootdir='${prefix}/share'
docdir='${datarootdir}/doc/${PACKAGE_TARNAME}'
dvidir='${docdir}'
exec_prefix='${prefix}'
host='mipsel-unknown-linux-gnu'
host_alias='mipsel-linux'
host_cpu='mipsel'
host_os='linux-gnu'
host_vendor='unknown'
htmldir='${docdir}'
includedir='${prefix}/include'
infodir='${datarootdir}/info'
install_sh='${SHELL} /home/BR6477AC_Edimax/AP/iptables-1.4.10/install-sh'
kbuilddir='/home/BR6477AC_Edimax/linux-2.6.36.x_4200'
kinclude_CFLAGS=' -I /home/BR6477AC_Edimax/linux-2.6.36.x_4200/include -I /home/BR6477AC_Edimax/linux-2.6.36.x_4200/include'
ksourcedir='/home/BR6477AC_Edimax/linux-2.6.36.x_4200'
libdir='${exec_prefix}/lib'
libexecdir='${exec_prefix}/libexec'
libiptc_LDFLAGS2='-Wl,--no-as-needed'
libnfnetlink_CFLAGS=''
libnfnetlink_LIBS=''
libxtables_vage='0'
libxtables_vcurrent='5'
libxtables_vmajor='5'
localedir='${datarootdir}/locale'
localstatedir='${prefix}/var'
lt_ECHO='echo'
mandir='${datarootdir}/man'
mkdir_p='/usr/bin/mkdir -p'
oldincludedir='/usr/include'
pdfdir='${docdir}'
pkgconfigdir='${libdir}/pkgconfig'
pkgdatadir='${datadir}/xtables'
prefix='/usr/local'
program_transform_name='s,x,x,'
psdir='${docdir}'
regular_CFLAGS='-D_LARGEFILE_SOURCE=1 -D_LARGE_FILES -D_FILE_OFFSET_BITS=64 	-D_REENTRANT -Wall -Waggregate-return -Wmissing-declarations 	-Wmissing-prototypes -Wredundant-decls -Wshadow -Wstrict-prototypes 	-Winline -pipe 	-DXTABLES_LIBDIR=\"${xtlibdir}\" -DXTABLES_INTERNAL'
sbindir='${exec_prefix}/sbin'
sharedstatedir='${prefix}/com'
sysconfdir='${prefix}/etc'
target_alias=''
xtlibdir='${exec_prefix}/libexec/xtables'

## ----------- ##
## confdefs.h. ##
## ----------- ##

/* confdefs.h */
#define PACKAGE_NAME "iptables"
#define PACKAGE_TARNAME "iptables"
#define PACKAGE_VERSION "1.4.10"
#define PACKAGE_STRING "iptables 1.4.10"
#define PACKAGE_BUGREPORT ""
#define PACKAGE_URL ""
#define PACKAGE "iptables"
#define VERSION "1.4.10"
#define STDC_HEADERS 1
#define HAVE_SYS_TYPES_H 1
#define HAVE_SYS_STAT_H 1
#define HAVE_STDLIB_H 1
#define HAVE_STRING_H 1
#define HAVE_MEMORY_H 1
#define HAVE_STRINGS_H 1
#define HAVE_INTTYPES_H 1
#define HAVE_STDINT_H 1
#define HAVE_UNISTD_H 1
#define HAVE_DLFCN_H 1
#define LT_OBJDIR ".libs/"

configure: exit 0

## ---------------------- ##
## Running config.status. ##
## ---------------------- ##

This file was extended by iptables config.status 1.4.10, which was
generated by GNU Autoconf 2.65.  Invocation command line was

  CONFIG_FILES    = 
  CONFIG_HEADERS  = 
  CONFIG_LINKS    = 
  CONFIG_COMMANDS = 
  $ ./config.status 

on localhost.localdomain

config.status:1104: creating Makefile
config.status:1104: creating extensions/GNUmakefile
config.status:1104: creating include/Makefile
config.status:1104: creating libipq/Makefile
config.status:1104: creating utils/Makefile
config.status:1104: creating include/xtables.h
config.status:1104: creating include/iptables/internal.h
config.status:1104: creating libiptc.pc
config.status:1104: creating xtables.pc
config.status:1104: creating config.h
config.status:1276: config.h is unchanged
config.status:1324: executing depfiles commands
config.status:1324: executing libtool commands

## ---------------------- ##
## Running config.status. ##
## ---------------------- ##

This file was extended by iptables config.status 1.4.10, which was
generated by GNU Autoconf 2.65.  Invocation command line was

  CONFIG_FILES    = 
  CONFIG_HEADERS  = 
  CONFIG_LINKS    = 
  CONFIG_COMMANDS = 
  $ ./config.status config.h

on localhost.localdomain

config.status:1104: creating config.h
config.status:1276: config.h is unchanged
